125
61
49
183
109
79
50
51
29
106
17
2
113
176
198
133
122
129
56
90
130
123
153
83
24
100
94
55
22
10
66
149
81
7
165
75
41
15
180
155
1
5
85
58
82
95
114
73
111
52
141
20
8
44
112
60
182
105
18
185
36
138
28
196
38
166
156
26
117
99
40
173
9
11
179
128
115
171
124
151
102
197
48
136
6
35
65
80
190
42
193
13
96
126
43
57
119
108
62
178
150
63
16
134
53
148
167
45
177
89
188
132
64
97
59
184
169
161
92
86
131
142
175
174
87
101
194
107
69
32
70
121
157
168
159
72
158
93
145
152
74
154
110
140
181
118
84
116
4
76
127
162
39
34
186
187
163
68
88
31
14
98
27
164
104
91
19
143
147
12
47
23
21
137
30
37
25
191
135
3
139
78
71
172
103
160
33
120
54
144
189
146
195
67
77
192
170
46
199
