7
37
6
3
2
5
38
36
34
4
35
9
8
39
116
11
111
110
10
112
42
14
13
15
12
16
19
20
17
18
22
21
25
23
24
27
26
30
31
28
32
29
33
41
43
45
46
47
44
49
50
48
51
52
54
56
55
57
53
58
59
61
62
60
40
64
173
65
66
63
68
109
70
67
69
74
71
75
72
76
114
78
80
77
81
82
79
120
85
86
83
87
84
88
117
92
115
89
93
90
91
175
95
96
97
94
98
99
100
101
102
103
106
104
105
107
113
174
179
124
125
129
126
127
131
128
133
130
135
132
134
177
136
139
137
200
140
138
142
143
141
145
146
118
178
148
144
147
151
150
149
153
152
119
154
157
158
155
159
156
160
161
164
162
166
163
168
165
170
167
171
169
172
181
180
182
184
183
185
186
187
188
123
189
108
199
190
191
194
192
195
193
196
197
198
121
176
122
73
