149
143
114
119
150
14
117
20
107
23
121
96
78
183
157
148
79
68
144
21
198
120
160
176
88
3
190
106
196
159
58
139
82
118
103
93
161
200
86
17
87
28
26
137
50
44
9
4
63
193
179
37
125
91
72
186
132
170
49
195
152
123
12
169
33
178
168
175
34
135
36
27
191
192
6
24
39
41
156
97
61
1
194
124
75
140
126
71
177
85
7
110
199
146
83
77
51
95
129
45
31
111
84
98
185
2
35
164
29
80
16
104
43
55
89
38
8
154
22
173
105
47
99
163
18
180
59
19
147
69
128
73
184
136
112
42
13
174
116
67
197
94
54
133
165
65
171
134
188
155
122
189
100
141
131
46
158
182
48
5
181
64
66
76
113
52
153
127
142
172
92
60
32
10
56
108
145
62
167
101
138
11
30
57
53
74
162
109
40
15
166
115
151
81
187
130
102
70
25
