55
63
167
195
62
47
90
72
58
180
1
135
80
157
92
69
77
144
91
186
20
109
197
189
108
89
181
3
127
126
43
200
14
170
117
84
199
162
194
7
49
45
160
13
165
190
182
118
153
42
15
18
111
145
156
100
159
94
66
65
26
44
68
52
19
36
37
139
169
17
97
5
185
172
24
164
35
125
110
70
166
61
64
146
152
130
33
54
107
4
96
103
184
11
102
27
151
106
67
198
6
113
131
32
101
53
50
141
40
191
56
116
99
192
71
86
140
82
138
124
133
150
85
128
154
168
57
31
78
75
87
46
173
25
60
115
73
163
149
38
122
112
183
137
48
41
12
10
129
155
114
119
134
143
88
121
175
8
171
104
95
187
132
105
193
83
59
178
176
123
136
34
147
30
51
188
177
98
161
79
174
196
142
22
158
148
74
76
93
120
