10
11
42
5
28
38
33
24
13
19
48
52
77
15
20
34
41
7
55
73
25
54
23
68
46
64
58
44
66
95
36
99
3
71
26
84
61
93
65
119
57
43
139
78
105
40
111
82
49
103
12
53
50
1
118
56
63
6
102
97
18
89
69
74
109
108
143
75
120
70
30
129
21
16
60
51
122
17
35
88
169
67
22
47
86
8
14
80
27
81
29
4
32
94
31
125
123
90
72
9
45
128
39
107
96
132
100
37
104
136
116
171
87
133
106
62
92
141
162
147
137
121
112
76
110
114
115
91
124
151
101
135
83
130
59
168
131
157
165
127
138
146
79
149
126
167
113
166
85
117
98
172
152
